2025-12-21 00:00:51,108 - INFO - 🚀 Starting Cloudflare Bypass Scraper
2025-12-21 00:00:51,108 - INFO - 🚀 Starting Cloudflare bypass scraping of https://test-cloudflare-website.adarsh.software/
2025-12-21 00:00:51,108 - INFO - 🔄 Trying Cloudflare bypass techniques...
2025-12-21 00:00:51,108 - INFO -   📋 Trying: Realistic Browser Session
2025-12-21 00:00:53,545 - INFO - ⏳ Waiting for Cloudflare challenge to complete...
2025-12-21 00:00:53,546 - INFO - 🔍 Cloudflare challenge detected
2025-12-21 00:00:53,546 - INFO - Challenge type: javascript
2025-12-21 00:00:53,546 - INFO - ⏳ Waiting for automatic challenge completion...
2025-12-21 00:00:56,794 - INFO - ⏳ Still in challenge... attempt 1/10
2025-12-21 00:00:59,952 - INFO - ⏳ Still in challenge... attempt 2/10
2025-12-21 00:01:03,219 - INFO - ⏳ Still in challenge... attempt 3/10
2025-12-21 00:01:06,789 - INFO - ⏳ Still in challenge... attempt 4/10
2025-12-21 00:01:10,163 - INFO - ⏳ Still in challenge... attempt 5/10
2025-12-21 00:01:13,347 - INFO - ⏳ Still in challenge... attempt 6/10
2025-12-21 00:01:17,686 - INFO - ⏳ Still in challenge... attempt 7/10
2025-12-21 00:01:20,887 - INFO - ⏳ Still in challenge... attempt 8/10
2025-12-21 00:01:24,078 - INFO - ⏳ Still in challenge... attempt 9/10
2025-12-21 00:01:27,302 - INFO - ⏳ Still in challenge... attempt 10/10
2025-12-21 00:01:27,303 - ERROR - ❌ Cloudflare challenge did not complete automatically
2025-12-21 00:01:27,303 - INFO - ❌ Failed: Realistic Browser Session
2025-12-21 00:01:27,303 - INFO -   📋 Trying: Session Persistence
2025-12-21 00:01:27,493 - INFO - ⏳ Waiting for Cloudflare challenge to complete...
2025-12-21 00:01:27,496 - INFO - 🔍 Cloudflare challenge detected
2025-12-21 00:01:27,496 - INFO - Challenge type: javascript
2025-12-21 00:01:27,496 - INFO - ⏳ Waiting for automatic challenge completion...
2025-12-21 00:01:30,708 - INFO - ⏳ Still in challenge... attempt 1/10
2025-12-21 00:01:34,124 - INFO - ⏳ Still in challenge... attempt 2/10
2025-12-21 00:01:37,706 - INFO - ⏳ Still in challenge... attempt 3/10
2025-12-21 00:01:41,272 - INFO - ⏳ Still in challenge... attempt 4/10
2025-12-21 00:01:44,464 - INFO - ⏳ Still in challenge... attempt 5/10
2025-12-21 00:01:47,634 - INFO - ⏳ Still in challenge... attempt 6/10
2025-12-21 00:01:50,826 - INFO - ⏳ Still in challenge... attempt 7/10
2025-12-21 00:01:54,136 - INFO - ⏳ Still in challenge... attempt 8/10
2025-12-21 00:01:57,331 - INFO - ⏳ Still in challenge... attempt 9/10
2025-12-21 00:02:00,543 - INFO - ⏳ Still in challenge... attempt 10/10
2025-12-21 00:02:00,544 - ERROR - ❌ Cloudflare challenge did not complete automatically
2025-12-21 00:02:00,544 - INFO - ❌ Failed: Session Persistence
2025-12-21 00:02:00,544 - INFO -   📋 Trying: Header Rotation
2025-12-21 00:02:01,104 - INFO - ⏳ Waiting for Cloudflare challenge to complete...
2025-12-21 00:02:01,107 - INFO - 🔍 Cloudflare challenge detected
2025-12-21 00:02:01,107 - INFO - Challenge type: javascript
2025-12-21 00:02:01,107 - INFO - ⏳ Waiting for automatic challenge completion...
2025-12-21 00:02:04,333 - INFO - ⏳ Still in challenge... attempt 1/10
2025-12-21 00:02:07,698 - INFO - ⏳ Still in challenge... attempt 2/10
2025-12-21 00:02:11,201 - INFO - ⏳ Still in challenge... attempt 3/10
2025-12-21 00:02:14,557 - INFO - ⏳ Still in challenge... attempt 4/10
2025-12-21 00:02:17,757 - INFO - ⏳ Still in challenge... attempt 5/10
2025-12-21 00:02:20,938 - INFO - ⏳ Still in challenge... attempt 6/10
2025-12-21 00:02:26,109 - INFO - ⏳ Still in challenge... attempt 7/10
2025-12-21 00:02:30,329 - INFO - ⏳ Still in challenge... attempt 8/10
2025-12-21 00:02:33,758 - INFO - ⏳ Still in challenge... attempt 9/10
2025-12-21 00:02:37,045 - INFO - ⏳ Still in challenge... attempt 10/10
2025-12-21 00:02:37,046 - ERROR - ❌ Cloudflare challenge did not complete automatically
2025-12-21 00:02:37,567 - INFO - ⏳ Waiting for Cloudflare challenge to complete...
2025-12-21 00:02:37,568 - INFO - 🔍 Cloudflare challenge detected
2025-12-21 00:02:37,568 - INFO - Challenge type: javascript
2025-12-21 00:02:37,569 - INFO - ⏳ Waiting for automatic challenge completion...
2025-12-21 00:02:40,760 - INFO - ⏳ Still in challenge... attempt 1/10
2025-12-21 00:02:43,950 - INFO - ⏳ Still in challenge... attempt 2/10
2025-12-21 00:02:47,539 - INFO - ⏳ Still in challenge... attempt 3/10
2025-12-21 00:02:50,962 - INFO - ⏳ Still in challenge... attempt 4/10
2025-12-21 00:02:54,186 - INFO - ⏳ Still in challenge... attempt 5/10
2025-12-21 00:02:57,405 - INFO - ⏳ Still in challenge... attempt 6/10
2025-12-21 00:03:00,670 - INFO - ⏳ Still in challenge... attempt 7/10
2025-12-21 00:03:03,869 - INFO - ⏳ Still in challenge... attempt 8/10
2025-12-21 00:03:07,094 - INFO - ⏳ Still in challenge... attempt 9/10
2025-12-21 00:03:10,290 - INFO - ⏳ Still in challenge... attempt 10/10
2025-12-21 00:03:10,291 - ERROR - ❌ Cloudflare challenge did not complete automatically
2025-12-21 00:03:10,465 - INFO - ⏳ Waiting for Cloudflare challenge to complete...
2025-12-21 00:03:10,468 - INFO - 🔍 Cloudflare challenge detected
2025-12-21 00:03:10,468 - INFO - Challenge type: javascript
2025-12-21 00:03:10,468 - INFO - ⏳ Waiting for automatic challenge completion...
2025-12-21 00:03:13,663 - INFO - ⏳ Still in challenge... attempt 1/10
2025-12-21 00:03:17,835 - INFO - ⏳ Still in challenge... attempt 2/10
2025-12-21 00:03:21,026 - INFO - ⏳ Still in challenge... attempt 3/10
2025-12-21 00:03:24,259 - INFO - ⏳ Still in challenge... attempt 4/10
2025-12-21 00:03:27,453 - INFO - ⏳ Still in challenge... attempt 5/10
2025-12-21 00:03:30,644 - INFO - ⏳ Still in challenge... attempt 6/10
2025-12-21 00:03:33,894 - INFO - ⏳ Still in challenge... attempt 7/10
2025-12-21 00:03:38,285 - INFO - ⏳ Still in challenge... attempt 8/10
2025-12-21 00:03:41,901 - INFO - ⏳ Still in challenge... attempt 9/10
2025-12-21 00:03:45,627 - INFO - ⏳ Still in challenge... attempt 10/10
2025-12-21 00:03:45,628 - ERROR - ❌ Cloudflare challenge did not complete automatically
2025-12-21 00:03:45,628 - INFO - ❌ Failed: Header Rotation
2025-12-21 00:03:45,628 - INFO -   📋 Trying: Delayed Requests
2025-12-21 00:03:45,629 - INFO -   ⏳ Attempt 1/5 with 2s delay...
2025-12-21 00:03:47,826 - INFO - ⏳ Waiting for Cloudflare challenge to complete...
2025-12-21 00:03:47,829 - INFO - 🔍 Cloudflare challenge detected
2025-12-21 00:03:47,829 - INFO - Challenge type: javascript
2025-12-21 00:03:47,829 - INFO - ⏳ Waiting for automatic challenge completion...
2025-12-21 00:03:52,774 - INFO - ⏳ Still in challenge... attempt 1/10
2025-12-21 00:03:56,049 - INFO - ⏳ Still in challenge... attempt 2/10
2025-12-21 00:03:59,237 - INFO - ⏳ Still in challenge... attempt 3/10
2025-12-21 00:04:02,431 - INFO - ⏳ Still in challenge... attempt 4/10
2025-12-21 00:04:05,637 - INFO - ⏳ Still in challenge... attempt 5/10
2025-12-21 00:04:08,855 - INFO - ⏳ Still in challenge... attempt 6/10
2025-12-21 00:04:12,229 - INFO - ⏳ Still in challenge... attempt 7/10
2025-12-21 00:04:15,447 - INFO - ⏳ Still in challenge... attempt 8/10
2025-12-21 00:04:18,637 - INFO - ⏳ Still in challenge... attempt 9/10
2025-12-21 00:04:21,830 - INFO - ⏳ Still in challenge... attempt 10/10
2025-12-21 00:04:21,831 - ERROR - ❌ Cloudflare challenge did not complete automatically
2025-12-21 00:04:21,831 - INFO -   ⏳ Attempt 2/5 with 3s delay...
2025-12-21 00:04:24,992 - INFO -   ⏳ Attempt 3/5 with 1s delay...
2025-12-21 00:04:26,226 - INFO -   ⏳ Attempt 4/5 with 4s delay...
2025-12-21 00:04:30,863 - INFO -   ⏳ Attempt 5/5 with 2s delay...
2025-12-21 00:04:33,092 - INFO - ❌ Failed: Delayed Requests
2025-12-21 00:04:33,092 - ERROR - ❌ Failed to bypass Cloudflare protection
2025-12-21 00:04:33,094 - INFO - 📋 Failure report saved to: scraped_content/cloudflare_failure_20251221_000433.txt
2025-12-21 00:04:33,094 - INFO - 🏁 Cloudflare bypass scraper complete
