2025-12-19 19:10:49,949 - INFO - Starting WebScraper application
2025-12-19 19:10:49,949 - INFO - Starting scrape of https://paywall-worker.dharadarsh0.workers.dev/
2025-12-19 19:10:49,949 - INFO - Fetching https://paywall-worker.dharadarsh0.workers.dev/ (attempt 1/3)...
2025-12-19 19:10:51,727 - INFO - ✅ Successfully fetched: 200
2025-12-19 19:10:51,727 - INFO - Content length: 11410 characters
2025-12-19 19:10:51,734 - INFO - ================================================================================
2025-12-19 19:10:51,734 - INFO - PAGE CONTENT SUMMARY
2025-12-19 19:10:51,735 - INFO - ================================================================================
2025-12-19 19:10:51,735 - INFO - URL: https://paywall-worker.dharadarsh0.workers.dev/
2025-12-19 19:10:51,735 - INFO - Title: Create Next App
2025-12-19 19:10:51,735 - INFO - Meta Description: Generated by create next app
2025-12-19 19:10:51,735 - INFO - Timestamp: 2025-12-19T19:10:51.733685
2025-12-19 19:10:51,736 - INFO - 
========================================
2025-12-19 19:10:51,736 - INFO - HEADINGS
2025-12-19 19:10:51,736 - INFO - ========================================
2025-12-19 19:10:51,736 - INFO - H1: 1 found
2025-12-19 19:10:51,736 - INFO -   1. To get started, edit the page.tsx file.
2025-12-19 19:10:51,737 - INFO - 
========================================
2025-12-19 19:10:51,737 - INFO - PARAGRAPHS
2025-12-19 19:10:51,737 - INFO - ========================================
2025-12-19 19:10:51,737 - INFO - Total paragraphs: 1
2025-12-19 19:10:51,737 - INFO -   1. Looking for a starting point or more instructions? Head over to Templates or the Learning center.
2025-12-19 19:10:51,737 - INFO - 
========================================
2025-12-19 19:10:51,738 - INFO - LINKS
2025-12-19 19:10:51,738 - INFO - ========================================
2025-12-19 19:10:51,738 - INFO - Total links: 4
2025-12-19 19:10:51,738 - INFO -   1. Templates -> https://vercel.com/templates?framework=next.js&utm_source=create-next-app&utm_medium=appdir-template-tw&utm_campaign=create-next-app
2025-12-19 19:10:51,738 - INFO -   2. Learning -> https://nextjs.org/learn?utm_source=create-next-app&utm_medium=appdir-template-tw&utm_campaign=create-next-app
2025-12-19 19:10:51,738 - INFO -   3. Deploy Now -> https://vercel.com/new?utm_source=create-next-app&utm_medium=appdir-template-tw&utm_campaign=create-next-app
2025-12-19 19:10:51,738 - INFO -   4. Documentation -> https://nextjs.org/docs?utm_source=create-next-app&utm_medium=appdir-template-tw&utm_campaign=create-next-app
2025-12-19 19:10:51,739 - INFO - 
========================================
2025-12-19 19:10:51,739 - INFO - IMAGES
2025-12-19 19:10:51,739 - INFO - ========================================
2025-12-19 19:10:51,739 - INFO - Total images: 2
2025-12-19 19:10:51,739 - INFO -   1. Alt: 'Next.js logo' Src: /next.svg
2025-12-19 19:10:51,739 - INFO -   2. Alt: 'Vercel logomark' Src: /vercel.svg
2025-12-19 19:10:51,739 - INFO - 
========================================
2025-12-19 19:10:51,739 - INFO - FULL TEXT CONTENT
2025-12-19 19:10:51,739 - INFO - ========================================
2025-12-19 19:10:51,739 - INFO - Total text length: 178 characters
2025-12-19 19:10:51,739 - INFO - First 500 characters:
2025-12-19 19:10:51,740 - INFO - Create Next App
To get started, edit the page.tsx file.
Looking for a starting point or more instructions? Head over to
Templates
or the
Learning
center.
Deploy Now
Documentation
2025-12-19 19:10:51,740 - INFO - 
================================================================================
2025-12-19 19:10:51,740 - INFO - END OF PAGE CONTENT
2025-12-19 19:10:51,740 - INFO - ================================================================================
2025-12-19 19:11:52,811 - INFO - Starting WebScraper application
2025-12-19 19:11:52,813 - INFO - Starting scrape of https://paywall-worker.dharadarsh0.workers.dev/
2025-12-19 19:11:52,813 - INFO - Fetching https://paywall-worker.dharadarsh0.workers.dev/ (attempt 1/3)...
2025-12-19 19:11:53,839 - INFO - ✅ Successfully fetched: 200
2025-12-19 19:11:53,839 - INFO - Content length: 11410 characters
2025-12-19 19:11:53,843 - INFO - ================================================================================
2025-12-19 19:11:53,844 - INFO - PAGE CONTENT SUMMARY
2025-12-19 19:11:53,844 - INFO - ================================================================================
2025-12-19 19:11:53,844 - INFO - URL: https://paywall-worker.dharadarsh0.workers.dev/
2025-12-19 19:11:53,844 - INFO - Title: Create Next App
2025-12-19 19:11:53,844 - INFO - Meta Description: Generated by create next app
2025-12-19 19:11:53,844 - INFO - Timestamp: 2025-12-19T19:11:53.843360
2025-12-19 19:11:53,844 - INFO - 
========================================
2025-12-19 19:11:53,844 - INFO - HEADINGS
2025-12-19 19:11:53,844 - INFO - ========================================
2025-12-19 19:11:53,844 - INFO - H1: 1 found
2025-12-19 19:11:53,844 - INFO -   1. To get started, edit the page.tsx file.
2025-12-19 19:11:53,844 - INFO - 
========================================
2025-12-19 19:11:53,844 - INFO - PARAGRAPHS
2025-12-19 19:11:53,844 - INFO - ========================================
2025-12-19 19:11:53,844 - INFO - Total paragraphs: 1
2025-12-19 19:11:53,844 - INFO -   1. Looking for a starting point or more instructions? Head over to Templates or the Learning center.
2025-12-19 19:11:53,844 - INFO - 
========================================
2025-12-19 19:11:53,844 - INFO - LINKS
2025-12-19 19:11:53,844 - INFO - ========================================
2025-12-19 19:11:53,844 - INFO - Total links: 4
2025-12-19 19:11:53,844 - INFO -   1. Templates -> https://vercel.com/templates?framework=next.js&utm_source=create-next-app&utm_medium=appdir-template-tw&utm_campaign=create-next-app
2025-12-19 19:11:53,844 - INFO -   2. Learning -> https://nextjs.org/learn?utm_source=create-next-app&utm_medium=appdir-template-tw&utm_campaign=create-next-app
2025-12-19 19:11:53,844 - INFO -   3. Deploy Now -> https://vercel.com/new?utm_source=create-next-app&utm_medium=appdir-template-tw&utm_campaign=create-next-app
2025-12-19 19:11:53,845 - INFO -   4. Documentation -> https://nextjs.org/docs?utm_source=create-next-app&utm_medium=appdir-template-tw&utm_campaign=create-next-app
2025-12-19 19:11:53,845 - INFO - 
========================================
2025-12-19 19:11:53,845 - INFO - IMAGES
2025-12-19 19:11:53,845 - INFO - ========================================
2025-12-19 19:11:53,845 - INFO - Total images: 2
2025-12-19 19:11:53,845 - INFO -   1. Alt: 'Next.js logo' Src: /next.svg
2025-12-19 19:11:53,845 - INFO -   2. Alt: 'Vercel logomark' Src: /vercel.svg
2025-12-19 19:11:53,845 - INFO - 
========================================
2025-12-19 19:11:53,845 - INFO - FULL TEXT CONTENT
2025-12-19 19:11:53,845 - INFO - ========================================
2025-12-19 19:11:53,845 - INFO - Total text length: 178 characters
2025-12-19 19:11:53,845 - INFO - First 500 characters:
2025-12-19 19:11:53,845 - INFO - Create Next App
To get started, edit the page.tsx file.
Looking for a starting point or more instructions? Head over to
Templates
or the
Learning
center.
Deploy Now
Documentation
2025-12-19 19:11:53,845 - INFO - 
================================================================================
2025-12-19 19:11:53,845 - INFO - END OF PAGE CONTENT
2025-12-19 19:11:53,845 - INFO - ================================================================================
2025-12-19 19:12:43,448 - INFO - Starting WebScraper application
2025-12-19 19:12:43,449 - INFO - Starting scrape of https://paywall-worker.dharadarsh0.workers.dev/
2025-12-19 19:12:43,449 - INFO - Fetching https://paywall-worker.dharadarsh0.workers.dev/ (attempt 1/3)...
2025-12-19 19:12:44,270 - INFO - ✅ Successfully fetched: 200
2025-12-19 19:12:44,271 - INFO - Content length: 11410 characters
2025-12-19 19:12:44,275 - INFO - ================================================================================
2025-12-19 19:12:44,275 - INFO - PAGE CONTENT SUMMARY
2025-12-19 19:12:44,275 - INFO - ================================================================================
2025-12-19 19:12:44,275 - INFO - URL: https://paywall-worker.dharadarsh0.workers.dev/
2025-12-19 19:12:44,275 - INFO - Title: Create Next App
2025-12-19 19:12:44,275 - INFO - Meta Description: Generated by create next app
2025-12-19 19:12:44,275 - INFO - Timestamp: 2025-12-19T19:12:44.274487
2025-12-19 19:12:44,275 - INFO - 
========================================
2025-12-19 19:12:44,275 - INFO - HEADINGS
2025-12-19 19:12:44,275 - INFO - ========================================
2025-12-19 19:12:44,275 - INFO - H1: 1 found
2025-12-19 19:12:44,275 - INFO -   1. To get started, edit the page.tsx file.
2025-12-19 19:12:44,275 - INFO - 
========================================
2025-12-19 19:12:44,275 - INFO - PARAGRAPHS
2025-12-19 19:12:44,276 - INFO - ========================================
2025-12-19 19:12:44,276 - INFO - Total paragraphs: 1
2025-12-19 19:12:44,276 - INFO -   1. Looking for a starting point or more instructions? Head over to Templates or the Learning center.
2025-12-19 19:12:44,276 - INFO - 
========================================
2025-12-19 19:12:44,276 - INFO - LINKS
2025-12-19 19:12:44,276 - INFO - ========================================
2025-12-19 19:12:44,276 - INFO - Total links: 4
2025-12-19 19:12:44,276 - INFO -   1. Templates -> https://vercel.com/templates?framework=next.js&utm_source=create-next-app&utm_medium=appdir-template-tw&utm_campaign=create-next-app
2025-12-19 19:12:44,276 - INFO -   2. Learning -> https://nextjs.org/learn?utm_source=create-next-app&utm_medium=appdir-template-tw&utm_campaign=create-next-app
2025-12-19 19:12:44,276 - INFO -   3. Deploy Now -> https://vercel.com/new?utm_source=create-next-app&utm_medium=appdir-template-tw&utm_campaign=create-next-app
2025-12-19 19:12:44,276 - INFO -   4. Documentation -> https://nextjs.org/docs?utm_source=create-next-app&utm_medium=appdir-template-tw&utm_campaign=create-next-app
2025-12-19 19:12:44,276 - INFO - 
========================================
2025-12-19 19:12:44,276 - INFO - IMAGES
2025-12-19 19:12:44,276 - INFO - ========================================
2025-12-19 19:12:44,276 - INFO - Total images: 2
2025-12-19 19:12:44,276 - INFO -   1. Alt: 'Next.js logo' Src: /next.svg
2025-12-19 19:12:44,276 - INFO -   2. Alt: 'Vercel logomark' Src: /vercel.svg
2025-12-19 19:12:44,276 - INFO - 
========================================
2025-12-19 19:12:44,276 - INFO - FULL TEXT CONTENT
2025-12-19 19:12:44,276 - INFO - ========================================
2025-12-19 19:12:44,276 - INFO - Total text length: 178 characters
2025-12-19 19:12:44,276 - INFO - First 500 characters:
2025-12-19 19:12:44,276 - INFO - Create Next App
To get started, edit the page.tsx file.
Looking for a starting point or more instructions? Head over to
Templates
or the
Learning
center.
Deploy Now
Documentation
2025-12-19 19:12:44,276 - INFO - 
================================================================================
2025-12-19 19:12:44,276 - INFO - END OF PAGE CONTENT
2025-12-19 19:12:44,276 - INFO - ================================================================================
2025-12-19 19:17:41,953 - INFO - Starting WebScraper application
2025-12-19 19:17:41,954 - INFO - Starting scrape of https://paywall-worker.dharadarsh0.workers.dev/
2025-12-19 19:17:41,954 - INFO - Fetching https://paywall-worker.dharadarsh0.workers.dev/ (attempt 1/3)...
2025-12-19 19:17:42,677 - INFO - ✅ Successfully fetched: 200
2025-12-19 19:17:42,677 - INFO - Content length: 11410 characters
2025-12-19 19:17:42,680 - INFO - ================================================================================
2025-12-19 19:17:42,680 - INFO - PAGE CONTENT SUMMARY
2025-12-19 19:17:42,680 - INFO - ================================================================================
2025-12-19 19:17:42,680 - INFO - URL: https://paywall-worker.dharadarsh0.workers.dev/
2025-12-19 19:17:42,680 - INFO - Title: Create Next App
2025-12-19 19:17:42,681 - INFO - Meta Description: Generated by create next app
2025-12-19 19:17:42,681 - INFO - Timestamp: 2025-12-19T19:17:42.680170
2025-12-19 19:17:42,681 - INFO - 
========================================
2025-12-19 19:17:42,681 - INFO - HEADINGS
2025-12-19 19:17:42,681 - INFO - ========================================
2025-12-19 19:17:42,681 - INFO - H1: 1 found
2025-12-19 19:17:42,681 - INFO -   1. To get started, edit the page.tsx file.
2025-12-19 19:17:42,681 - INFO - 
========================================
2025-12-19 19:17:42,681 - INFO - PARAGRAPHS
2025-12-19 19:17:42,681 - INFO - ========================================
2025-12-19 19:17:42,681 - INFO - Total paragraphs: 1
2025-12-19 19:17:42,681 - INFO -   1. Looking for a starting point or more instructions? Head over to Templates or the Learning center.
2025-12-19 19:17:42,681 - INFO - 
========================================
2025-12-19 19:17:42,681 - INFO - LINKS
2025-12-19 19:17:42,681 - INFO - ========================================
2025-12-19 19:17:42,681 - INFO - Total links: 4
2025-12-19 19:17:42,681 - INFO -   1. Templates -> https://vercel.com/templates?framework=next.js&utm_source=create-next-app&utm_medium=appdir-template-tw&utm_campaign=create-next-app
2025-12-19 19:17:42,681 - INFO -   2. Learning -> https://nextjs.org/learn?utm_source=create-next-app&utm_medium=appdir-template-tw&utm_campaign=create-next-app
2025-12-19 19:17:42,681 - INFO -   3. Deploy Now -> https://vercel.com/new?utm_source=create-next-app&utm_medium=appdir-template-tw&utm_campaign=create-next-app
2025-12-19 19:17:42,681 - INFO -   4. Documentation -> https://nextjs.org/docs?utm_source=create-next-app&utm_medium=appdir-template-tw&utm_campaign=create-next-app
2025-12-19 19:17:42,681 - INFO - 
========================================
2025-12-19 19:17:42,681 - INFO - IMAGES
2025-12-19 19:17:42,681 - INFO - ========================================
2025-12-19 19:17:42,682 - INFO - Total images: 2
2025-12-19 19:17:42,682 - INFO -   1. Alt: 'Next.js logo' Src: /next.svg
2025-12-19 19:17:42,682 - INFO -   2. Alt: 'Vercel logomark' Src: /vercel.svg
2025-12-19 19:17:42,682 - INFO - 
========================================
2025-12-19 19:17:42,682 - INFO - FULL TEXT CONTENT
2025-12-19 19:17:42,682 - INFO - ========================================
2025-12-19 19:17:42,682 - INFO - Total text length: 178 characters
2025-12-19 19:17:42,682 - INFO - First 500 characters:
2025-12-19 19:17:42,682 - INFO - Create Next App
To get started, edit the page.tsx file.
Looking for a starting point or more instructions? Head over to
Templates
or the
Learning
center.
Deploy Now
Documentation
2025-12-19 19:17:42,682 - INFO - 
================================================================================
2025-12-19 19:17:42,682 - INFO - END OF PAGE CONTENT
2025-12-19 19:17:42,683 - INFO - ================================================================================
2025-12-19 19:19:13,914 - INFO - Starting WebScraper application
2025-12-19 19:19:13,915 - INFO - Starting scrape of https://paywall-worker.dharadarsh0.workers.dev/
2025-12-19 19:19:13,915 - INFO - Fetching https://paywall-worker.dharadarsh0.workers.dev/ (attempt 1/3)...
2025-12-19 19:19:14,100 - ERROR - ❌ Error: 402 Client Error: Payment Required for url: https://paywall-worker.dharadarsh0.workers.dev/
2025-12-19 19:19:14,100 - INFO - ⏳ Retrying in 1 seconds...
2025-12-19 19:19:15,105 - INFO - Fetching https://paywall-worker.dharadarsh0.workers.dev/ (attempt 2/3)...
2025-12-19 19:19:15,203 - ERROR - ❌ Error: 402 Client Error: Payment Required for url: https://paywall-worker.dharadarsh0.workers.dev/
2025-12-19 19:19:15,203 - INFO - ⏳ Retrying in 1 seconds...
2025-12-19 19:19:16,203 - INFO - Fetching https://paywall-worker.dharadarsh0.workers.dev/ (attempt 3/3)...
2025-12-19 19:19:16,458 - ERROR - ❌ Error: 402 Client Error: Payment Required for url: https://paywall-worker.dharadarsh0.workers.dev/
2025-12-19 19:19:16,458 - ERROR - Failed to fetch HTML content
2025-12-19 19:19:16,458 - ERROR - Failed to scrape the website.
2025-12-19 19:21:06,937 - INFO - Starting WebScraper application
2025-12-19 19:21:06,938 - INFO - Testing bot blocking (without password)...
2025-12-19 19:21:06,940 - INFO - Starting scrape of https://paywall-worker.dharadarsh0.workers.dev/
2025-12-19 19:21:06,940 - INFO - Fetching https://paywall-worker.dharadarsh0.workers.dev/ (attempt 1/3)...
2025-12-19 19:21:07,638 - ERROR - ❌ Error: 402 Client Error: Payment Required for url: https://paywall-worker.dharadarsh0.workers.dev/
2025-12-19 19:21:07,638 - INFO - ⏳ Retrying in 1 seconds...
2025-12-19 19:21:08,643 - INFO - Fetching https://paywall-worker.dharadarsh0.workers.dev/ (attempt 2/3)...
2025-12-19 19:21:08,700 - ERROR - ❌ Error: 402 Client Error: Payment Required for url: https://paywall-worker.dharadarsh0.workers.dev/
2025-12-19 19:21:08,700 - INFO - ⏳ Retrying in 1 seconds...
2025-12-19 19:21:09,702 - INFO - Fetching https://paywall-worker.dharadarsh0.workers.dev/ (attempt 3/3)...
2025-12-19 19:21:09,752 - ERROR - ❌ Error: 402 Client Error: Payment Required for url: https://paywall-worker.dharadarsh0.workers.dev/
2025-12-19 19:21:09,752 - ERROR - Failed to fetch HTML content
2025-12-19 19:21:09,752 - INFO - ✅ Bot blocking is working! Now trying with bypass password...
2025-12-19 19:21:09,752 - INFO - Starting scrape of https://paywall-worker.dharadarsh0.workers.dev/
2025-12-19 19:21:09,752 - INFO - Fetching https://paywall-worker.dharadarsh0.workers.dev/ (attempt 1/3)...
2025-12-19 19:21:10,346 - INFO - ✅ Successfully fetched: 200
2025-12-19 19:21:10,347 - INFO - Content length: 11410 characters
2025-12-19 19:21:10,366 - INFO - ================================================================================
2025-12-19 19:21:10,367 - INFO - PAGE CONTENT SUMMARY
2025-12-19 19:21:10,367 - INFO - ================================================================================
2025-12-19 19:21:10,367 - INFO - URL: https://paywall-worker.dharadarsh0.workers.dev/
2025-12-19 19:21:10,367 - INFO - Title: Create Next App
2025-12-19 19:21:10,367 - INFO - Meta Description: Generated by create next app
2025-12-19 19:21:10,368 - INFO - Timestamp: 2025-12-19T19:21:10.365598
2025-12-19 19:21:10,368 - INFO - 
========================================
2025-12-19 19:21:10,368 - INFO - HEADINGS
2025-12-19 19:21:10,368 - INFO - ========================================
2025-12-19 19:21:10,368 - INFO - H1: 1 found
2025-12-19 19:21:10,368 - INFO -   1. To get started, edit the page.tsx file.
2025-12-19 19:21:10,368 - INFO - 
========================================
2025-12-19 19:21:10,368 - INFO - PARAGRAPHS
2025-12-19 19:21:10,369 - INFO - ========================================
2025-12-19 19:21:10,369 - INFO - Total paragraphs: 1
2025-12-19 19:21:10,369 - INFO -   1. Looking for a starting point or more instructions? Head over to Templates or the Learning center.
2025-12-19 19:21:10,369 - INFO - 
========================================
2025-12-19 19:21:10,369 - INFO - LINKS
2025-12-19 19:21:10,369 - INFO - ========================================
2025-12-19 19:21:10,369 - INFO - Total links: 4
2025-12-19 19:21:10,369 - INFO -   1. Templates -> https://vercel.com/templates?framework=next.js&utm_source=create-next-app&utm_medium=appdir-template-tw&utm_campaign=create-next-app
2025-12-19 19:21:10,369 - INFO -   2. Learning -> https://nextjs.org/learn?utm_source=create-next-app&utm_medium=appdir-template-tw&utm_campaign=create-next-app
2025-12-19 19:21:10,369 - INFO -   3. Deploy Now -> https://vercel.com/new?utm_source=create-next-app&utm_medium=appdir-template-tw&utm_campaign=create-next-app
2025-12-19 19:21:10,370 - INFO -   4. Documentation -> https://nextjs.org/docs?utm_source=create-next-app&utm_medium=appdir-template-tw&utm_campaign=create-next-app
2025-12-19 19:21:10,370 - INFO - 
========================================
2025-12-19 19:21:10,370 - INFO - IMAGES
2025-12-19 19:21:10,370 - INFO - ========================================
2025-12-19 19:21:10,370 - INFO - Total images: 2
2025-12-19 19:21:10,370 - INFO -   1. Alt: 'Next.js logo' Src: /next.svg
2025-12-19 19:21:10,371 - INFO -   2. Alt: 'Vercel logomark' Src: /vercel.svg
2025-12-19 19:21:10,371 - INFO - 
========================================
2025-12-19 19:21:10,371 - INFO - FULL TEXT CONTENT
2025-12-19 19:21:10,371 - INFO - ========================================
2025-12-19 19:21:10,371 - INFO - Total text length: 178 characters
2025-12-19 19:21:10,371 - INFO - First 500 characters:
2025-12-19 19:21:10,371 - INFO - Create Next App
To get started, edit the page.tsx file.
Looking for a starting point or more instructions? Head over to
Templates
or the
Learning
center.
Deploy Now
Documentation
2025-12-19 19:21:10,372 - INFO - 
================================================================================
2025-12-19 19:21:10,372 - INFO - END OF PAGE CONTENT
2025-12-19 19:21:10,372 - INFO - ================================================================================
2025-12-19 19:24:48,113 - INFO - Starting WebScraper application
2025-12-19 19:24:48,114 - INFO - Starting scrape of https://paywall-worker.dharadarsh0.workers.dev/
2025-12-19 19:24:48,114 - INFO - Fetching https://paywall-worker.dharadarsh0.workers.dev/ (attempt 1/3)...
2025-12-19 19:24:48,413 - ERROR - ❌ Error: 403 Client Error: Forbidden for url: https://paywall-worker.dharadarsh0.workers.dev/
2025-12-19 19:24:48,414 - INFO - ⏳ Retrying in 1 seconds...
2025-12-19 19:24:49,419 - INFO - Fetching https://paywall-worker.dharadarsh0.workers.dev/ (attempt 2/3)...
2025-12-19 19:24:49,481 - ERROR - ❌ Error: 403 Client Error: Forbidden for url: https://paywall-worker.dharadarsh0.workers.dev/
2025-12-19 19:24:49,481 - INFO - ⏳ Retrying in 1 seconds...
2025-12-19 19:24:50,487 - INFO - Fetching https://paywall-worker.dharadarsh0.workers.dev/ (attempt 3/3)...
2025-12-19 19:24:50,552 - ERROR - ❌ Error: 403 Client Error: Forbidden for url: https://paywall-worker.dharadarsh0.workers.dev/
2025-12-19 19:24:50,552 - ERROR - Failed to fetch HTML content
2025-12-19 19:24:50,552 - ERROR - Failed to scrape the website.
2025-12-19 19:33:34,089 - INFO - Starting WebScraper application
2025-12-19 19:33:34,089 - INFO - Starting scrape of https://paywall-worker.dharadarsh0.workers.dev/
2025-12-19 19:33:34,089 - INFO - Fetching https://paywall-worker.dharadarsh0.workers.dev/ (attempt 1/3)...
2025-12-19 19:33:34,262 - ERROR - ❌ Error: 403 Client Error: Forbidden for url: https://paywall-worker.dharadarsh0.workers.dev/
2025-12-19 19:33:34,262 - INFO - ⏳ Retrying in 1 seconds...
2025-12-19 19:33:35,270 - INFO - Fetching https://paywall-worker.dharadarsh0.workers.dev/ (attempt 2/3)...
2025-12-19 19:33:35,343 - ERROR - ❌ Error: 403 Client Error: Forbidden for url: https://paywall-worker.dharadarsh0.workers.dev/
2025-12-19 19:33:35,343 - INFO - ⏳ Retrying in 1 seconds...
2025-12-19 19:33:36,353 - INFO - Fetching https://paywall-worker.dharadarsh0.workers.dev/ (attempt 3/3)...
2025-12-19 19:33:36,415 - ERROR - ❌ Error: 403 Client Error: Forbidden for url: https://paywall-worker.dharadarsh0.workers.dev/
2025-12-19 19:33:36,415 - ERROR - Failed to fetch HTML content
2025-12-19 19:33:36,415 - ERROR - Failed to scrape the website.
2025-12-19 19:36:09,124 - INFO - Starting WebScraper application
2025-12-19 19:36:09,125 - INFO - Starting scrape of https://paywall-worker.dharadarsh0.workers.dev/
2025-12-19 19:36:09,125 - INFO - Fetching https://paywall-worker.dharadarsh0.workers.dev/ (attempt 1/3)...
2025-12-19 19:36:09,676 - ERROR - ❌ Error: 403 Client Error: Forbidden for url: https://paywall-worker.dharadarsh0.workers.dev/
2025-12-19 19:36:09,677 - INFO - ⏳ Retrying in 1 seconds...
2025-12-19 19:36:10,679 - INFO - Fetching https://paywall-worker.dharadarsh0.workers.dev/ (attempt 2/3)...
2025-12-19 19:36:10,739 - ERROR - ❌ Error: 403 Client Error: Forbidden for url: https://paywall-worker.dharadarsh0.workers.dev/
2025-12-19 19:36:10,740 - INFO - ⏳ Retrying in 1 seconds...
2025-12-19 19:36:11,742 - INFO - Fetching https://paywall-worker.dharadarsh0.workers.dev/ (attempt 3/3)...
2025-12-19 19:36:11,803 - ERROR - ❌ Error: 403 Client Error: Forbidden for url: https://paywall-worker.dharadarsh0.workers.dev/
2025-12-19 19:36:11,805 - ERROR - Failed to fetch HTML content
2025-12-19 19:36:11,805 - ERROR - Failed to scrape the website.
2025-12-19 19:39:49,390 - INFO - Starting WebScraper application
2025-12-19 19:39:49,390 - INFO - Starting scrape of https://paywall-worker.dharadarsh0.workers.dev/
2025-12-19 19:39:49,390 - INFO - Fetching https://paywall-worker.dharadarsh0.workers.dev/ (attempt 1/3)...
2025-12-19 19:39:49,861 - ERROR - ❌ Error: 403 Client Error: Forbidden for url: https://paywall-worker.dharadarsh0.workers.dev/
2025-12-19 19:39:49,861 - INFO - ⏳ Retrying in 1 seconds...
2025-12-19 19:39:50,864 - INFO - Fetching https://paywall-worker.dharadarsh0.workers.dev/ (attempt 2/3)...
2025-12-19 19:39:50,937 - ERROR - ❌ Error: 403 Client Error: Forbidden for url: https://paywall-worker.dharadarsh0.workers.dev/
2025-12-19 19:39:50,938 - INFO - ⏳ Retrying in 1 seconds...
2025-12-19 19:39:51,942 - INFO - Fetching https://paywall-worker.dharadarsh0.workers.dev/ (attempt 3/3)...
2025-12-19 19:39:51,996 - ERROR - ❌ Error: 403 Client Error: Forbidden for url: https://paywall-worker.dharadarsh0.workers.dev/
2025-12-19 19:39:52,000 - ERROR - Failed to fetch HTML content
2025-12-19 19:39:52,003 - ERROR - Failed to scrape the website.
2025-12-19 19:43:53,656 - INFO - Starting WebScraper application
2025-12-19 19:43:53,657 - INFO - Starting scrape of https://paywall-worker.dharadarsh0.workers.dev/
2025-12-19 19:43:53,657 - INFO - Fetching https://paywall-worker.dharadarsh0.workers.dev/ (attempt 1/3)...
2025-12-19 19:43:54,407 - INFO - ✅ Successfully fetched: 200
2025-12-19 19:43:54,408 - INFO - Content length: 11410 characters
2025-12-19 19:43:54,412 - INFO - ================================================================================
2025-12-19 19:43:54,412 - INFO - PAGE CONTENT SUMMARY
2025-12-19 19:43:54,412 - INFO - ================================================================================
2025-12-19 19:43:54,412 - INFO - URL: https://paywall-worker.dharadarsh0.workers.dev/
2025-12-19 19:43:54,412 - INFO - Title: Create Next App
2025-12-19 19:43:54,412 - INFO - Meta Description: Generated by create next app
2025-12-19 19:43:54,412 - INFO - Timestamp: 2025-12-19T19:43:54.411808
2025-12-19 19:43:54,412 - INFO - 
========================================
2025-12-19 19:43:54,412 - INFO - HEADINGS
2025-12-19 19:43:54,413 - INFO - ========================================
2025-12-19 19:43:54,413 - INFO - H1: 1 found
2025-12-19 19:43:54,413 - INFO -   1. To get started, edit the page.tsx file.
2025-12-19 19:43:54,413 - INFO - 
========================================
2025-12-19 19:43:54,413 - INFO - PARAGRAPHS
2025-12-19 19:43:54,413 - INFO - ========================================
2025-12-19 19:43:54,413 - INFO - Total paragraphs: 1
2025-12-19 19:43:54,413 - INFO -   1. Looking for a starting point or more instructions? Head over to Templates or the Learning center.
2025-12-19 19:43:54,413 - INFO - 
========================================
2025-12-19 19:43:54,413 - INFO - LINKS
2025-12-19 19:43:54,413 - INFO - ========================================
2025-12-19 19:43:54,413 - INFO - Total links: 4
2025-12-19 19:43:54,413 - INFO -   1. Templates -> https://vercel.com/templates?framework=next.js&utm_source=create-next-app&utm_medium=appdir-template-tw&utm_campaign=create-next-app
2025-12-19 19:43:54,413 - INFO -   2. Learning -> https://nextjs.org/learn?utm_source=create-next-app&utm_medium=appdir-template-tw&utm_campaign=create-next-app
2025-12-19 19:43:54,413 - INFO -   3. Deploy Now -> https://vercel.com/new?utm_source=create-next-app&utm_medium=appdir-template-tw&utm_campaign=create-next-app
2025-12-19 19:43:54,413 - INFO -   4. Documentation -> https://nextjs.org/docs?utm_source=create-next-app&utm_medium=appdir-template-tw&utm_campaign=create-next-app
2025-12-19 19:43:54,413 - INFO - 
========================================
2025-12-19 19:43:54,413 - INFO - IMAGES
2025-12-19 19:43:54,413 - INFO - ========================================
2025-12-19 19:43:54,414 - INFO - Total images: 2
2025-12-19 19:43:54,414 - INFO -   1. Alt: 'Next.js logo' Src: /next.svg
2025-12-19 19:43:54,414 - INFO -   2. Alt: 'Vercel logomark' Src: /vercel.svg
2025-12-19 19:43:54,414 - INFO - 
========================================
2025-12-19 19:43:54,414 - INFO - FULL TEXT CONTENT
2025-12-19 19:43:54,415 - INFO - ========================================
2025-12-19 19:43:54,415 - INFO - Total text length: 178 characters
2025-12-19 19:43:54,415 - INFO - First 500 characters:
2025-12-19 19:43:54,415 - INFO - Create Next App
To get started, edit the page.tsx file.
Looking for a starting point or more instructions? Head over to
Templates
or the
Learning
center.
Deploy Now
Documentation
2025-12-19 19:43:54,415 - INFO - 
================================================================================
2025-12-19 19:43:54,415 - INFO - END OF PAGE CONTENT
2025-12-19 19:43:54,415 - INFO - ================================================================================
2025-12-19 19:45:02,740 - INFO - Starting WebScraper application
2025-12-19 19:45:02,741 - INFO - Starting scrape of https://paywall-worker.dharadarsh0.workers.dev/
2025-12-19 19:45:02,742 - INFO - Fetching https://paywall-worker.dharadarsh0.workers.dev/ (attempt 1/3)...
2025-12-19 19:45:03,564 - INFO - ✅ Successfully fetched: 200
2025-12-19 19:45:03,564 - INFO - Content length: 11410 characters
2025-12-19 19:45:03,569 - INFO - ================================================================================
2025-12-19 19:45:03,569 - INFO - PAGE CONTENT SUMMARY
2025-12-19 19:45:03,569 - INFO - ================================================================================
2025-12-19 19:45:03,569 - INFO - URL: https://paywall-worker.dharadarsh0.workers.dev/
2025-12-19 19:45:03,569 - INFO - Title: Create Next App
2025-12-19 19:45:03,569 - INFO - Meta Description: Generated by create next app
2025-12-19 19:45:03,569 - INFO - Timestamp: 2025-12-19T19:45:03.568434
2025-12-19 19:45:03,569 - INFO - 
========================================
2025-12-19 19:45:03,569 - INFO - HEADINGS
2025-12-19 19:45:03,569 - INFO - ========================================
2025-12-19 19:45:03,569 - INFO - H1: 1 found
2025-12-19 19:45:03,570 - INFO -   1. To get started, edit the page.tsx file.
2025-12-19 19:45:03,570 - INFO - 
========================================
2025-12-19 19:45:03,570 - INFO - PARAGRAPHS
2025-12-19 19:45:03,570 - INFO - ========================================
2025-12-19 19:45:03,570 - INFO - Total paragraphs: 1
2025-12-19 19:45:03,570 - INFO -   1. Looking for a starting point or more instructions? Head over to Templates or the Learning center.
2025-12-19 19:45:03,570 - INFO - 
========================================
2025-12-19 19:45:03,570 - INFO - LINKS
2025-12-19 19:45:03,570 - INFO - ========================================
2025-12-19 19:45:03,570 - INFO - Total links: 4
2025-12-19 19:45:03,570 - INFO -   1. Templates -> https://vercel.com/templates?framework=next.js&utm_source=create-next-app&utm_medium=appdir-template-tw&utm_campaign=create-next-app
2025-12-19 19:45:03,570 - INFO -   2. Learning -> https://nextjs.org/learn?utm_source=create-next-app&utm_medium=appdir-template-tw&utm_campaign=create-next-app
2025-12-19 19:45:03,570 - INFO -   3. Deploy Now -> https://vercel.com/new?utm_source=create-next-app&utm_medium=appdir-template-tw&utm_campaign=create-next-app
2025-12-19 19:45:03,570 - INFO -   4. Documentation -> https://nextjs.org/docs?utm_source=create-next-app&utm_medium=appdir-template-tw&utm_campaign=create-next-app
2025-12-19 19:45:03,570 - INFO - 
========================================
2025-12-19 19:45:03,570 - INFO - IMAGES
2025-12-19 19:45:03,570 - INFO - ========================================
2025-12-19 19:45:03,570 - INFO - Total images: 2
2025-12-19 19:45:03,570 - INFO -   1. Alt: 'Next.js logo' Src: /next.svg
2025-12-19 19:45:03,570 - INFO -   2. Alt: 'Vercel logomark' Src: /vercel.svg
2025-12-19 19:45:03,570 - INFO - 
========================================
2025-12-19 19:45:03,570 - INFO - FULL TEXT CONTENT
2025-12-19 19:45:03,570 - INFO - ========================================
2025-12-19 19:45:03,570 - INFO - Total text length: 178 characters
2025-12-19 19:45:03,570 - INFO - First 500 characters:
2025-12-19 19:45:03,570 - INFO - Create Next App
To get started, edit the page.tsx file.
Looking for a starting point or more instructions? Head over to
Templates
or the
Learning
center.
Deploy Now
Documentation
2025-12-19 19:45:03,570 - INFO - 
================================================================================
2025-12-19 19:45:03,571 - INFO - END OF PAGE CONTENT
2025-12-19 19:45:03,571 - INFO - ================================================================================
2025-12-19 19:45:27,734 - INFO - Starting WebScraper application
2025-12-19 19:45:27,734 - INFO - Starting scrape of https://paywall-worker.dharadarsh0.workers.dev/
2025-12-19 19:45:27,734 - INFO - Fetching https://paywall-worker.dharadarsh0.workers.dev/ (attempt 1/3)...
2025-12-19 19:45:29,999 - INFO - ✅ Successfully fetched: 200
2025-12-19 19:45:30,000 - INFO - Content length: 11410 characters
2025-12-19 19:45:30,003 - INFO - ================================================================================
2025-12-19 19:45:30,003 - INFO - PAGE CONTENT SUMMARY
2025-12-19 19:45:30,003 - INFO - ================================================================================
2025-12-19 19:45:30,003 - INFO - URL: https://paywall-worker.dharadarsh0.workers.dev/
2025-12-19 19:45:30,003 - INFO - Title: Create Next App
2025-12-19 19:45:30,003 - INFO - Meta Description: Generated by create next app
2025-12-19 19:45:30,003 - INFO - Timestamp: 2025-12-19T19:45:30.003296
2025-12-19 19:45:30,003 - INFO - 
========================================
2025-12-19 19:45:30,003 - INFO - HEADINGS
2025-12-19 19:45:30,003 - INFO - ========================================
2025-12-19 19:45:30,004 - INFO - H1: 1 found
2025-12-19 19:45:30,004 - INFO -   1. To get started, edit the page.tsx file.
2025-12-19 19:45:30,004 - INFO - 
========================================
2025-12-19 19:45:30,004 - INFO - PARAGRAPHS
2025-12-19 19:45:30,004 - INFO - ========================================
2025-12-19 19:45:30,004 - INFO - Total paragraphs: 1
2025-12-19 19:45:30,004 - INFO -   1. Looking for a starting point or more instructions? Head over to Templates or the Learning center.
2025-12-19 19:45:30,004 - INFO - 
========================================
2025-12-19 19:45:30,004 - INFO - LINKS
2025-12-19 19:45:30,004 - INFO - ========================================
2025-12-19 19:45:30,004 - INFO - Total links: 4
2025-12-19 19:45:30,004 - INFO -   1. Templates -> https://vercel.com/templates?framework=next.js&utm_source=create-next-app&utm_medium=appdir-template-tw&utm_campaign=create-next-app
2025-12-19 19:45:30,004 - INFO -   2. Learning -> https://nextjs.org/learn?utm_source=create-next-app&utm_medium=appdir-template-tw&utm_campaign=create-next-app
2025-12-19 19:45:30,004 - INFO -   3. Deploy Now -> https://vercel.com/new?utm_source=create-next-app&utm_medium=appdir-template-tw&utm_campaign=create-next-app
2025-12-19 19:45:30,004 - INFO -   4. Documentation -> https://nextjs.org/docs?utm_source=create-next-app&utm_medium=appdir-template-tw&utm_campaign=create-next-app
2025-12-19 19:45:30,004 - INFO - 
========================================
2025-12-19 19:45:30,004 - INFO - IMAGES
2025-12-19 19:45:30,004 - INFO - ========================================
2025-12-19 19:45:30,004 - INFO - Total images: 2
2025-12-19 19:45:30,004 - INFO -   1. Alt: 'Next.js logo' Src: /next.svg
2025-12-19 19:45:30,004 - INFO -   2. Alt: 'Vercel logomark' Src: /vercel.svg
2025-12-19 19:45:30,004 - INFO - 
========================================
2025-12-19 19:45:30,004 - INFO - FULL TEXT CONTENT
2025-12-19 19:45:30,004 - INFO - ========================================
2025-12-19 19:45:30,004 - INFO - Total text length: 178 characters
2025-12-19 19:45:30,004 - INFO - First 500 characters:
2025-12-19 19:45:30,004 - INFO - Create Next App
To get started, edit the page.tsx file.
Looking for a starting point or more instructions? Head over to
Templates
or the
Learning
center.
Deploy Now
Documentation
2025-12-19 19:45:30,004 - INFO - 
================================================================================
2025-12-19 19:45:30,005 - INFO - END OF PAGE CONTENT
2025-12-19 19:45:30,005 - INFO - ================================================================================
2025-12-19 19:47:56,607 - INFO - Starting WebScraper application
2025-12-19 19:47:56,607 - INFO - Starting scrape of https://paywall-worker.dharadarsh0.workers.dev/
2025-12-19 19:47:56,608 - INFO - Fetching https://paywall-worker.dharadarsh0.workers.dev/ (attempt 1/3)...
2025-12-19 19:48:56,705 - ERROR - ❌ Error: HTTPSConnectionPool(host='paywall-worker.dharadarsh0.workers.dev', port=443): Max retries exceeded with url: / (Caused by ConnectTimeoutError(<urllib3.connection.HTTPSConnection object at 0x107b12b70>, 'Connection to paywall-worker.dharadarsh0.workers.dev timed out. (connect timeout=30)'))
2025-12-19 19:48:56,707 - INFO - ⏳ Retrying in 1 seconds...
2025-12-19 19:48:57,712 - INFO - Fetching https://paywall-worker.dharadarsh0.workers.dev/ (attempt 2/3)...
2025-12-19 19:49:57,725 - ERROR - ❌ Error: HTTPSConnectionPool(host='paywall-worker.dharadarsh0.workers.dev', port=443): Max retries exceeded with url: / (Caused by ConnectTimeoutError(<urllib3.connection.HTTPSConnection object at 0x107b12c60>, 'Connection to paywall-worker.dharadarsh0.workers.dev timed out. (connect timeout=30)'))
2025-12-19 19:49:57,726 - INFO - ⏳ Retrying in 1 seconds...
2025-12-19 19:49:58,732 - INFO - Fetching https://paywall-worker.dharadarsh0.workers.dev/ (attempt 3/3)...
2025-12-19 19:50:58,750 - ERROR - ❌ Error: HTTPSConnectionPool(host='paywall-worker.dharadarsh0.workers.dev', port=443): Max retries exceeded with url: / (Caused by ConnectTimeoutError(<urllib3.connection.HTTPSConnection object at 0x107b12ff0>, 'Connection to paywall-worker.dharadarsh0.workers.dev timed out. (connect timeout=30)'))
2025-12-19 19:50:58,753 - ERROR - Failed to fetch HTML content
2025-12-19 19:50:58,753 - ERROR - Failed to scrape the website.
2025-12-19 20:14:36,794 - INFO - Starting WebScraper application
2025-12-19 20:14:36,795 - INFO - Starting scrape of https://paywall-worker.dharadarsh0.workers.dev/
2025-12-19 20:14:36,795 - INFO - Fetching https://paywall-worker.dharadarsh0.workers.dev/ (attempt 1/3)...
2025-12-19 20:14:37,375 - INFO - ✅ Successfully fetched: 200
2025-12-19 20:14:37,375 - INFO - Content length: 11410 characters
2025-12-19 20:14:37,377 - INFO - ================================================================================
2025-12-19 20:14:37,377 - INFO - PAGE CONTENT SUMMARY
2025-12-19 20:14:37,377 - INFO - ================================================================================
2025-12-19 20:14:37,377 - INFO - URL: https://paywall-worker.dharadarsh0.workers.dev/
2025-12-19 20:14:37,377 - INFO - Title: Create Next App
2025-12-19 20:14:37,377 - INFO - Meta Description: Generated by create next app
2025-12-19 20:14:37,377 - INFO - Timestamp: 2025-12-19T20:14:37.377105
2025-12-19 20:14:37,377 - INFO - 
========================================
2025-12-19 20:14:37,377 - INFO - HEADINGS
2025-12-19 20:14:37,377 - INFO - ========================================
2025-12-19 20:14:37,377 - INFO - H1: 1 found
2025-12-19 20:14:37,377 - INFO -   1. To get started, edit the page.tsx file.
2025-12-19 20:14:37,378 - INFO - 
========================================
2025-12-19 20:14:37,378 - INFO - PARAGRAPHS
2025-12-19 20:14:37,378 - INFO - ========================================
2025-12-19 20:14:37,378 - INFO - Total paragraphs: 1
2025-12-19 20:14:37,378 - INFO -   1. Looking for a starting point or more instructions? Head over to Templates or the Learning center.
2025-12-19 20:14:37,378 - INFO - 
========================================
2025-12-19 20:14:37,378 - INFO - LINKS
2025-12-19 20:14:37,378 - INFO - ========================================
2025-12-19 20:14:37,378 - INFO - Total links: 4
2025-12-19 20:14:37,378 - INFO -   1. Templates -> https://vercel.com/templates?framework=next.js&utm_source=create-next-app&utm_medium=appdir-template-tw&utm_campaign=create-next-app
2025-12-19 20:14:37,378 - INFO -   2. Learning -> https://nextjs.org/learn?utm_source=create-next-app&utm_medium=appdir-template-tw&utm_campaign=create-next-app
2025-12-19 20:14:37,378 - INFO -   3. Deploy Now -> https://vercel.com/new?utm_source=create-next-app&utm_medium=appdir-template-tw&utm_campaign=create-next-app
2025-12-19 20:14:37,378 - INFO -   4. Documentation -> https://nextjs.org/docs?utm_source=create-next-app&utm_medium=appdir-template-tw&utm_campaign=create-next-app
2025-12-19 20:14:37,378 - INFO - 
========================================
2025-12-19 20:14:37,378 - INFO - IMAGES
2025-12-19 20:14:37,378 - INFO - ========================================
2025-12-19 20:14:37,378 - INFO - Total images: 2
2025-12-19 20:14:37,378 - INFO -   1. Alt: 'Next.js logo' Src: /next.svg
2025-12-19 20:14:37,378 - INFO -   2. Alt: 'Vercel logomark' Src: /vercel.svg
2025-12-19 20:14:37,378 - INFO - 
========================================
2025-12-19 20:14:37,378 - INFO - FULL TEXT CONTENT
2025-12-19 20:14:37,378 - INFO - ========================================
2025-12-19 20:14:37,378 - INFO - Total text length: 178 characters
2025-12-19 20:14:37,379 - INFO - First 500 characters:
2025-12-19 20:14:37,379 - INFO - Create Next App
To get started, edit the page.tsx file.
Looking for a starting point or more instructions? Head over to
Templates
or the
Learning
center.
Deploy Now
Documentation
2025-12-19 20:14:37,379 - INFO - 
================================================================================
2025-12-19 20:14:37,379 - INFO - END OF PAGE CONTENT
2025-12-19 20:14:37,379 - INFO - ================================================================================
2025-12-19 20:15:21,677 - INFO - Starting WebScraper application
2025-12-19 20:15:21,678 - INFO - Starting scrape of https://paywall-worker.dharadarsh0.workers.dev/
2025-12-19 20:15:21,678 - INFO - Fetching https://paywall-worker.dharadarsh0.workers.dev/ (attempt 1/3)...
2025-12-19 20:15:22,058 - ERROR - ❌ Error: 403 Client Error: Forbidden for url: https://paywall-worker.dharadarsh0.workers.dev/
2025-12-19 20:15:22,058 - INFO - ⏳ Retrying in 1 seconds...
2025-12-19 20:15:23,063 - INFO - Fetching https://paywall-worker.dharadarsh0.workers.dev/ (attempt 2/3)...
2025-12-19 20:15:23,123 - ERROR - ❌ Error: 403 Client Error: Forbidden for url: https://paywall-worker.dharadarsh0.workers.dev/
2025-12-19 20:15:23,124 - INFO - ⏳ Retrying in 1 seconds...
2025-12-19 20:15:24,129 - INFO - Fetching https://paywall-worker.dharadarsh0.workers.dev/ (attempt 3/3)...
2025-12-19 20:15:24,182 - ERROR - ❌ Error: 403 Client Error: Forbidden for url: https://paywall-worker.dharadarsh0.workers.dev/
2025-12-19 20:15:24,183 - ERROR - Failed to fetch HTML content
2025-12-19 20:15:24,183 - ERROR - Failed to scrape the website.
2025-12-19 20:15:58,015 - INFO - Starting WebScraper application
2025-12-19 20:15:58,016 - INFO - Starting scrape of https://paywall-worker.dharadarsh0.workers.dev/
2025-12-19 20:15:58,018 - INFO - Fetching https://paywall-worker.dharadarsh0.workers.dev/ (attempt 1/3)...
2025-12-19 20:15:58,870 - ERROR - ❌ Error: 403 Client Error: Forbidden for url: https://paywall-worker.dharadarsh0.workers.dev/
2025-12-19 20:15:58,873 - INFO - ⏳ Retrying in 1 seconds...
2025-12-19 20:15:59,878 - INFO - Fetching https://paywall-worker.dharadarsh0.workers.dev/ (attempt 2/3)...
2025-12-19 20:15:59,927 - ERROR - ❌ Error: 403 Client Error: Forbidden for url: https://paywall-worker.dharadarsh0.workers.dev/
2025-12-19 20:15:59,927 - INFO - ⏳ Retrying in 1 seconds...
2025-12-19 20:16:00,927 - INFO - Fetching https://paywall-worker.dharadarsh0.workers.dev/ (attempt 3/3)...
2025-12-19 20:16:01,019 - ERROR - ❌ Error: 403 Client Error: Forbidden for url: https://paywall-worker.dharadarsh0.workers.dev/
2025-12-19 20:16:01,059 - ERROR - Failed to fetch HTML content
2025-12-19 20:16:01,064 - ERROR - Failed to scrape the website.
2025-12-19 20:18:57,655 - INFO - Starting WebScraper application
2025-12-19 20:18:57,657 - INFO - Starting scrape of https://paywall-worker.dharadarsh0.workers.dev/
2025-12-19 20:18:57,657 - INFO - Fetching https://paywall-worker.dharadarsh0.workers.dev/ (attempt 1/3)...
2025-12-19 20:19:31,042 - ERROR - ❌ Error: HTTPSConnectionPool(host='paywall-worker.dharadarsh0.workers.dev', port=443): Read timed out. (read timeout=30)
2025-12-19 20:19:31,052 - INFO - ⏳ Retrying in 1 seconds...
2025-12-19 20:19:32,057 - INFO - Fetching https://paywall-worker.dharadarsh0.workers.dev/ (attempt 2/3)...
2025-12-19 20:19:33,114 - INFO - ✅ Successfully fetched: 200
2025-12-19 20:19:33,114 - INFO - Content length: 11410 characters
2025-12-19 20:19:33,123 - INFO - ================================================================================
2025-12-19 20:19:33,123 - INFO - PAGE CONTENT SUMMARY
2025-12-19 20:19:33,123 - INFO - ================================================================================
2025-12-19 20:19:33,123 - INFO - URL: https://paywall-worker.dharadarsh0.workers.dev/
2025-12-19 20:19:33,123 - INFO - Title: Create Next App
2025-12-19 20:19:33,123 - INFO - Meta Description: Generated by create next app
2025-12-19 20:19:33,123 - INFO - Timestamp: 2025-12-19T20:19:33.122431
2025-12-19 20:19:33,123 - INFO - 
========================================
2025-12-19 20:19:33,123 - INFO - HEADINGS
2025-12-19 20:19:33,123 - INFO - ========================================
2025-12-19 20:19:33,123 - INFO - H1: 1 found
2025-12-19 20:19:33,124 - INFO -   1. To get started, edit the page.tsx file.
2025-12-19 20:19:33,124 - INFO - 
========================================
2025-12-19 20:19:33,124 - INFO - PARAGRAPHS
2025-12-19 20:19:33,124 - INFO - ========================================
2025-12-19 20:19:33,124 - INFO - Total paragraphs: 1
2025-12-19 20:19:33,124 - INFO -   1. Looking for a starting point or more instructions? Head over to Templates or the Learning center.
2025-12-19 20:19:33,124 - INFO - 
========================================
2025-12-19 20:19:33,124 - INFO - LINKS
2025-12-19 20:19:33,124 - INFO - ========================================
2025-12-19 20:19:33,124 - INFO - Total links: 4
2025-12-19 20:19:33,124 - INFO -   1. Templates -> https://vercel.com/templates?framework=next.js&utm_source=create-next-app&utm_medium=appdir-template-tw&utm_campaign=create-next-app
2025-12-19 20:19:33,124 - INFO -   2. Learning -> https://nextjs.org/learn?utm_source=create-next-app&utm_medium=appdir-template-tw&utm_campaign=create-next-app
2025-12-19 20:19:33,124 - INFO -   3. Deploy Now -> https://vercel.com/new?utm_source=create-next-app&utm_medium=appdir-template-tw&utm_campaign=create-next-app
2025-12-19 20:19:33,124 - INFO -   4. Documentation -> https://nextjs.org/docs?utm_source=create-next-app&utm_medium=appdir-template-tw&utm_campaign=create-next-app
2025-12-19 20:19:33,124 - INFO - 
========================================
2025-12-19 20:19:33,124 - INFO - IMAGES
2025-12-19 20:19:33,124 - INFO - ========================================
2025-12-19 20:19:33,124 - INFO - Total images: 2
2025-12-19 20:19:33,124 - INFO -   1. Alt: 'Next.js logo' Src: /next.svg
2025-12-19 20:19:33,124 - INFO -   2. Alt: 'Vercel logomark' Src: /vercel.svg
2025-12-19 20:19:33,124 - INFO - 
========================================
2025-12-19 20:19:33,124 - INFO - FULL TEXT CONTENT
2025-12-19 20:19:33,125 - INFO - ========================================
2025-12-19 20:19:33,125 - INFO - Total text length: 178 characters
2025-12-19 20:19:33,125 - INFO - First 500 characters:
2025-12-19 20:19:33,125 - INFO - Create Next App
To get started, edit the page.tsx file.
Looking for a starting point or more instructions? Head over to
Templates
or the
Learning
center.
Deploy Now
Documentation
2025-12-19 20:19:33,125 - INFO - 
================================================================================
2025-12-19 20:19:33,125 - INFO - END OF PAGE CONTENT
2025-12-19 20:19:33,125 - INFO - ================================================================================
2025-12-19 20:21:35,322 - INFO - Starting WebScraper application
2025-12-19 20:21:35,325 - INFO - Starting scrape of https://paywall-worker.dharadarsh0.workers.dev/
2025-12-19 20:21:35,325 - INFO - Fetching https://paywall-worker.dharadarsh0.workers.dev/ (attempt 1/3)...
2025-12-19 20:21:36,523 - ERROR - ❌ Error: 403 Client Error: Forbidden for url: https://paywall-worker.dharadarsh0.workers.dev/
2025-12-19 20:21:36,524 - INFO - ⏳ Retrying in 1 seconds...
2025-12-19 20:21:37,528 - INFO - Fetching https://paywall-worker.dharadarsh0.workers.dev/ (attempt 2/3)...
2025-12-19 20:21:37,585 - ERROR - ❌ Error: 403 Client Error: Forbidden for url: https://paywall-worker.dharadarsh0.workers.dev/
2025-12-19 20:21:37,585 - INFO - ⏳ Retrying in 1 seconds...
2025-12-19 20:21:38,591 - INFO - Fetching https://paywall-worker.dharadarsh0.workers.dev/ (attempt 3/3)...
2025-12-19 20:21:38,645 - ERROR - ❌ Error: 403 Client Error: Forbidden for url: https://paywall-worker.dharadarsh0.workers.dev/
2025-12-19 20:21:38,645 - ERROR - Failed to fetch HTML content
2025-12-19 20:21:38,645 - ERROR - Failed to scrape the website.
2025-12-19 20:24:30,095 - INFO - Starting WebScraper application
2025-12-19 20:24:30,095 - INFO - Starting scrape of https://paywall-worker.dharadarsh0.workers.dev/
2025-12-19 20:24:30,095 - INFO - Fetching https://paywall-worker.dharadarsh0.workers.dev/ (attempt 1/3)...
2025-12-19 20:24:30,279 - ERROR - ❌ Error: 403 Client Error: Forbidden for url: https://paywall-worker.dharadarsh0.workers.dev/
2025-12-19 20:24:30,279 - INFO - ⏳ Retrying in 1 seconds...
2025-12-19 20:24:31,285 - INFO - Fetching https://paywall-worker.dharadarsh0.workers.dev/ (attempt 2/3)...
2025-12-19 20:24:31,350 - ERROR - ❌ Error: 403 Client Error: Forbidden for url: https://paywall-worker.dharadarsh0.workers.dev/
2025-12-19 20:24:31,350 - INFO - ⏳ Retrying in 1 seconds...
2025-12-19 20:24:32,353 - INFO - Fetching https://paywall-worker.dharadarsh0.workers.dev/ (attempt 3/3)...
2025-12-19 20:24:32,413 - ERROR - ❌ Error: 403 Client Error: Forbidden for url: https://paywall-worker.dharadarsh0.workers.dev/
2025-12-19 20:24:32,413 - ERROR - Failed to fetch HTML content
2025-12-19 20:24:32,414 - ERROR - Failed to scrape the website.
2025-12-19 20:24:46,817 - INFO - Starting WebScraper application
2025-12-19 20:24:46,817 - INFO - Starting scrape of https://paywall-worker.dharadarsh0.workers.dev/
2025-12-19 20:24:46,817 - INFO - Fetching https://paywall-worker.dharadarsh0.workers.dev/ (attempt 1/3)...
2025-12-19 20:24:47,041 - ERROR - ❌ Error: 403 Client Error: Forbidden for url: https://paywall-worker.dharadarsh0.workers.dev/
2025-12-19 20:24:47,041 - INFO - ⏳ Retrying in 1 seconds...
2025-12-19 20:24:48,046 - INFO - Fetching https://paywall-worker.dharadarsh0.workers.dev/ (attempt 2/3)...
2025-12-19 20:24:48,122 - ERROR - ❌ Error: 403 Client Error: Forbidden for url: https://paywall-worker.dharadarsh0.workers.dev/
2025-12-19 20:24:48,122 - INFO - ⏳ Retrying in 1 seconds...
2025-12-19 20:24:49,126 - INFO - Fetching https://paywall-worker.dharadarsh0.workers.dev/ (attempt 3/3)...
2025-12-19 20:24:49,194 - ERROR - ❌ Error: 403 Client Error: Forbidden for url: https://paywall-worker.dharadarsh0.workers.dev/
2025-12-19 20:24:49,195 - ERROR - Failed to fetch HTML content
2025-12-19 20:24:49,195 - ERROR - Failed to scrape the website.
2025-12-19 20:24:51,080 - INFO - Starting WebScraper application
2025-12-19 20:24:51,081 - INFO - Starting scrape of https://paywall-worker.dharadarsh0.workers.dev/
2025-12-19 20:24:51,081 - INFO - Fetching https://paywall-worker.dharadarsh0.workers.dev/ (attempt 1/3)...
2025-12-19 20:25:12,908 - INFO - Starting WebScraper application
2025-12-19 20:25:12,908 - INFO - Starting scrape of https://paywall-worker.dharadarsh0.workers.dev/
2025-12-19 20:25:12,908 - INFO - Fetching https://paywall-worker.dharadarsh0.workers.dev/ (attempt 1/3)...
2025-12-19 20:25:13,237 - ERROR - ❌ Error: 403 Client Error: Forbidden for url: https://paywall-worker.dharadarsh0.workers.dev/
2025-12-19 20:25:13,237 - INFO - ⏳ Retrying in 1 seconds...
2025-12-19 20:25:14,242 - INFO - Fetching https://paywall-worker.dharadarsh0.workers.dev/ (attempt 2/3)...
2025-12-19 20:25:14,309 - ERROR - ❌ Error: 403 Client Error: Forbidden for url: https://paywall-worker.dharadarsh0.workers.dev/
2025-12-19 20:25:14,310 - INFO - ⏳ Retrying in 1 seconds...
2025-12-19 20:25:15,315 - INFO - Fetching https://paywall-worker.dharadarsh0.workers.dev/ (attempt 3/3)...
2025-12-19 20:25:15,411 - ERROR - ❌ Error: 403 Client Error: Forbidden for url: https://paywall-worker.dharadarsh0.workers.dev/
2025-12-19 20:25:15,421 - ERROR - Failed to fetch HTML content
2025-12-19 20:25:15,422 - ERROR - Failed to scrape the website.
2025-12-19 20:25:47,245 - INFO - Starting WebScraper application
2025-12-19 20:25:47,246 - INFO - Starting scrape of https://cloudflare-worker.dharadarsh0.workers.dev/
2025-12-19 20:25:47,246 - INFO - Fetching https://cloudflare-worker.dharadarsh0.workers.dev/ (attempt 1/3)...
2025-12-19 20:25:47,563 - ERROR - ❌ Error: 404 Client Error: Not Found for url: https://cloudflare-worker.dharadarsh0.workers.dev/
2025-12-19 20:25:47,564 - INFO - ⏳ Retrying in 1 seconds...
2025-12-19 20:25:48,567 - INFO - Fetching https://cloudflare-worker.dharadarsh0.workers.dev/ (attempt 2/3)...
2025-12-19 20:25:48,629 - ERROR - ❌ Error: 404 Client Error: Not Found for url: https://cloudflare-worker.dharadarsh0.workers.dev/
2025-12-19 20:25:48,629 - INFO - ⏳ Retrying in 1 seconds...
2025-12-19 20:25:49,630 - INFO - Fetching https://cloudflare-worker.dharadarsh0.workers.dev/ (attempt 3/3)...
2025-12-19 20:25:49,688 - ERROR - ❌ Error: 404 Client Error: Not Found for url: https://cloudflare-worker.dharadarsh0.workers.dev/
2025-12-19 20:25:49,689 - ERROR - Failed to fetch HTML content
2025-12-19 20:25:49,689 - ERROR - Failed to scrape the website.
2025-12-19 20:31:07,593 - INFO - Starting WebScraper application
2025-12-19 20:31:07,593 - INFO - Starting scrape of https://cloudflare-worker.dharadarsh0.workers.dev/
2025-12-19 20:31:07,594 - INFO - Fetching https://cloudflare-worker.dharadarsh0.workers.dev/ (attempt 1/3)...
2025-12-19 20:31:07,860 - ERROR - ❌ Error: 404 Client Error: Not Found for url: https://cloudflare-worker.dharadarsh0.workers.dev/
2025-12-19 20:31:07,861 - INFO - ⏳ Retrying in 1 seconds...
2025-12-19 20:31:08,883 - INFO - Fetching https://cloudflare-worker.dharadarsh0.workers.dev/ (attempt 2/3)...
2025-12-19 20:31:09,033 - ERROR - ❌ Error: 404 Client Error: Not Found for url: https://cloudflare-worker.dharadarsh0.workers.dev/
2025-12-19 20:31:09,033 - INFO - ⏳ Retrying in 1 seconds...
2025-12-19 20:31:10,034 - INFO - Fetching https://cloudflare-worker.dharadarsh0.workers.dev/ (attempt 3/3)...
2025-12-19 20:31:10,103 - ERROR - ❌ Error: 404 Client Error: Not Found for url: https://cloudflare-worker.dharadarsh0.workers.dev/
2025-12-19 20:31:10,103 - ERROR - Failed to fetch HTML content
2025-12-19 20:31:10,103 - ERROR - Failed to scrape the website.
2025-12-19 20:32:31,934 - INFO - Starting WebScraper application
2025-12-19 20:32:31,935 - INFO - Starting scrape of https://paywall-worker.dharadarsh0.workers.dev/
2025-12-19 20:32:31,935 - INFO - Fetching https://paywall-worker.dharadarsh0.workers.dev/ (attempt 1/3)...
2025-12-19 20:32:33,372 - INFO - ✅ Successfully fetched: 200
2025-12-19 20:32:33,373 - INFO - Content length: 11410 characters
2025-12-19 20:32:33,376 - INFO - ================================================================================
2025-12-19 20:32:33,376 - INFO - PAGE CONTENT SUMMARY
2025-12-19 20:32:33,376 - INFO - ================================================================================
2025-12-19 20:32:33,376 - INFO - URL: https://paywall-worker.dharadarsh0.workers.dev/
2025-12-19 20:32:33,376 - INFO - Title: Create Next App
2025-12-19 20:32:33,376 - INFO - Meta Description: Generated by create next app
2025-12-19 20:32:33,376 - INFO - Timestamp: 2025-12-19T20:32:33.375896
2025-12-19 20:32:33,376 - INFO - 
========================================
2025-12-19 20:32:33,376 - INFO - HEADINGS
2025-12-19 20:32:33,377 - INFO - ========================================
2025-12-19 20:32:33,377 - INFO - H1: 1 found
2025-12-19 20:32:33,377 - INFO -   1. To get started, edit the page.tsx file.
2025-12-19 20:32:33,377 - INFO - 
========================================
2025-12-19 20:32:33,377 - INFO - PARAGRAPHS
2025-12-19 20:32:33,377 - INFO - ========================================
2025-12-19 20:32:33,377 - INFO - Total paragraphs: 1
2025-12-19 20:32:33,377 - INFO -   1. Looking for a starting point or more instructions? Head over to Templates or the Learning center.
2025-12-19 20:32:33,377 - INFO - 
========================================
2025-12-19 20:32:33,377 - INFO - LINKS
2025-12-19 20:32:33,377 - INFO - ========================================
2025-12-19 20:32:33,377 - INFO - Total links: 4
2025-12-19 20:32:33,377 - INFO -   1. Templates -> https://vercel.com/templates?framework=next.js&utm_source=create-next-app&utm_medium=appdir-template-tw&utm_campaign=create-next-app
2025-12-19 20:32:33,378 - INFO -   2. Learning -> https://nextjs.org/learn?utm_source=create-next-app&utm_medium=appdir-template-tw&utm_campaign=create-next-app
2025-12-19 20:32:33,378 - INFO -   3. Deploy Now -> https://vercel.com/new?utm_source=create-next-app&utm_medium=appdir-template-tw&utm_campaign=create-next-app
2025-12-19 20:32:33,378 - INFO -   4. Documentation -> https://nextjs.org/docs?utm_source=create-next-app&utm_medium=appdir-template-tw&utm_campaign=create-next-app
2025-12-19 20:32:33,378 - INFO - 
========================================
2025-12-19 20:32:33,378 - INFO - IMAGES
2025-12-19 20:32:33,378 - INFO - ========================================
2025-12-19 20:32:33,378 - INFO - Total images: 2
2025-12-19 20:32:33,378 - INFO -   1. Alt: 'Next.js logo' Src: /next.svg
2025-12-19 20:32:33,378 - INFO -   2. Alt: 'Vercel logomark' Src: /vercel.svg
2025-12-19 20:32:33,378 - INFO - 
========================================
2025-12-19 20:32:33,378 - INFO - FULL TEXT CONTENT
2025-12-19 20:32:33,378 - INFO - ========================================
2025-12-19 20:32:33,378 - INFO - Total text length: 178 characters
2025-12-19 20:32:33,378 - INFO - First 500 characters:
2025-12-19 20:32:33,378 - INFO - Create Next App
To get started, edit the page.tsx file.
Looking for a starting point or more instructions? Head over to
Templates
or the
Learning
center.
Deploy Now
Documentation
2025-12-19 20:32:33,378 - INFO - 
================================================================================
2025-12-19 20:32:33,379 - INFO - END OF PAGE CONTENT
2025-12-19 20:32:33,379 - INFO - ================================================================================
2025-12-19 20:33:52,313 - INFO - Starting WebScraper application
2025-12-19 20:33:52,313 - INFO - Starting scrape of https://paywall-worker.dharadarsh0.workers.dev/
2025-12-19 20:33:52,314 - INFO - Fetching https://paywall-worker.dharadarsh0.workers.dev/ (attempt 1/3)...
2025-12-19 20:33:53,870 - ERROR - ❌ Error: 403 Client Error: Forbidden for url: https://paywall-worker.dharadarsh0.workers.dev/
2025-12-19 20:33:53,871 - INFO - ⏳ Retrying in 1 seconds...
2025-12-19 20:33:54,877 - INFO - Fetching https://paywall-worker.dharadarsh0.workers.dev/ (attempt 2/3)...
2025-12-19 20:33:55,913 - ERROR - ❌ Error: 403 Client Error: Forbidden for url: https://paywall-worker.dharadarsh0.workers.dev/
2025-12-19 20:33:55,914 - INFO - ⏳ Retrying in 1 seconds...
2025-12-19 20:33:56,915 - INFO - Fetching https://paywall-worker.dharadarsh0.workers.dev/ (attempt 3/3)...
2025-12-19 20:33:57,931 - ERROR - ❌ Error: 403 Client Error: Forbidden for url: https://paywall-worker.dharadarsh0.workers.dev/
2025-12-19 20:33:57,932 - ERROR - Failed to fetch HTML content
2025-12-19 20:33:57,932 - ERROR - Failed to scrape the website.
2025-12-19 20:34:47,473 - INFO - Starting WebScraper application
2025-12-19 20:34:47,474 - INFO - Starting scrape of https://paywall-worker.dharadarsh0.workers.dev/
2025-12-19 20:34:47,474 - INFO - Fetching https://paywall-worker.dharadarsh0.workers.dev/ (attempt 1/3)...
2025-12-19 20:34:48,681 - INFO - ✅ Successfully fetched: 200
2025-12-19 20:34:48,681 - INFO - Content length: 11410 characters
2025-12-19 20:34:48,685 - INFO - ================================================================================
2025-12-19 20:34:48,685 - INFO - PAGE CONTENT SUMMARY
2025-12-19 20:34:48,685 - INFO - ================================================================================
2025-12-19 20:34:48,685 - INFO - URL: https://paywall-worker.dharadarsh0.workers.dev/
2025-12-19 20:34:48,685 - INFO - Title: Create Next App
2025-12-19 20:34:48,685 - INFO - Meta Description: Generated by create next app
2025-12-19 20:34:48,685 - INFO - Timestamp: 2025-12-19T20:34:48.684541
2025-12-19 20:34:48,685 - INFO - 
========================================
2025-12-19 20:34:48,685 - INFO - HEADINGS
2025-12-19 20:34:48,686 - INFO - ========================================
2025-12-19 20:34:48,686 - INFO - H1: 1 found
2025-12-19 20:34:48,686 - INFO -   1. To get started, edit the page.tsx file.
2025-12-19 20:34:48,686 - INFO - 
========================================
2025-12-19 20:34:48,686 - INFO - PARAGRAPHS
2025-12-19 20:34:48,686 - INFO - ========================================
2025-12-19 20:34:48,686 - INFO - Total paragraphs: 1
2025-12-19 20:34:48,686 - INFO -   1. Looking for a starting point or more instructions? Head over to Templates or the Learning center.
2025-12-19 20:34:48,686 - INFO - 
========================================
2025-12-19 20:34:48,686 - INFO - LINKS
2025-12-19 20:34:48,686 - INFO - ========================================
2025-12-19 20:34:48,686 - INFO - Total links: 4
2025-12-19 20:34:48,686 - INFO -   1. Templates -> https://vercel.com/templates?framework=next.js&utm_source=create-next-app&utm_medium=appdir-template-tw&utm_campaign=create-next-app
2025-12-19 20:34:48,686 - INFO -   2. Learning -> https://nextjs.org/learn?utm_source=create-next-app&utm_medium=appdir-template-tw&utm_campaign=create-next-app
2025-12-19 20:34:48,686 - INFO -   3. Deploy Now -> https://vercel.com/new?utm_source=create-next-app&utm_medium=appdir-template-tw&utm_campaign=create-next-app
2025-12-19 20:34:48,687 - INFO -   4. Documentation -> https://nextjs.org/docs?utm_source=create-next-app&utm_medium=appdir-template-tw&utm_campaign=create-next-app
2025-12-19 20:34:48,687 - INFO - 
========================================
2025-12-19 20:34:48,687 - INFO - IMAGES
2025-12-19 20:34:48,687 - INFO - ========================================
2025-12-19 20:34:48,687 - INFO - Total images: 2
2025-12-19 20:34:48,687 - INFO -   1. Alt: 'Next.js logo' Src: /next.svg
2025-12-19 20:34:48,687 - INFO -   2. Alt: 'Vercel logomark' Src: /vercel.svg
2025-12-19 20:34:48,687 - INFO - 
========================================
2025-12-19 20:34:48,687 - INFO - FULL TEXT CONTENT
2025-12-19 20:34:48,687 - INFO - ========================================
2025-12-19 20:34:48,687 - INFO - Total text length: 178 characters
2025-12-19 20:34:48,687 - INFO - First 500 characters:
2025-12-19 20:34:48,688 - INFO - Create Next App
To get started, edit the page.tsx file.
Looking for a starting point or more instructions? Head over to
Templates
or the
Learning
center.
Deploy Now
Documentation
2025-12-19 20:34:48,688 - INFO - 
================================================================================
2025-12-19 20:34:48,688 - INFO - END OF PAGE CONTENT
2025-12-19 20:34:48,688 - INFO - ================================================================================
2025-12-19 20:38:03,152 - INFO - Starting WebScraper application
2025-12-19 20:38:03,153 - INFO - Starting scrape of https://paywall-worker.dharadarsh0.workers.dev/
2025-12-19 20:38:03,153 - INFO - Fetching https://paywall-worker.dharadarsh0.workers.dev/ (attempt 1/3)...
2025-12-19 20:38:05,495 - ERROR - ❌ Error: 403 Client Error: Forbidden for url: https://paywall-worker.dharadarsh0.workers.dev/
2025-12-19 20:38:05,499 - INFO - ⏳ Retrying in 1 seconds...
2025-12-19 20:38:06,583 - INFO - Fetching https://paywall-worker.dharadarsh0.workers.dev/ (attempt 2/3)...
2025-12-19 20:38:08,557 - ERROR - ❌ Error: 403 Client Error: Forbidden for url: https://paywall-worker.dharadarsh0.workers.dev/
2025-12-19 20:38:08,559 - INFO - ⏳ Retrying in 1 seconds...
2025-12-19 20:38:09,566 - INFO - Fetching https://paywall-worker.dharadarsh0.workers.dev/ (attempt 3/3)...
2025-12-19 20:38:10,406 - ERROR - ❌ Error: 403 Client Error: Forbidden for url: https://paywall-worker.dharadarsh0.workers.dev/
2025-12-19 20:38:10,407 - ERROR - Failed to fetch HTML content
2025-12-19 20:38:10,407 - ERROR - Failed to scrape the website.
2025-12-19 20:41:25,830 - INFO - Starting WebScraper application
2025-12-19 20:41:25,831 - INFO - Starting scrape of https://paywall-worker.dharadarsh0.workers.dev/
2025-12-19 20:41:25,831 - INFO - Fetching https://paywall-worker.dharadarsh0.workers.dev/ (attempt 1/3)...
2025-12-19 20:41:27,209 - INFO - ✅ Successfully fetched: 200
2025-12-19 20:41:27,209 - INFO - Content length: 11410 characters
2025-12-19 20:41:27,214 - INFO - ================================================================================
2025-12-19 20:41:27,215 - INFO - PAGE CONTENT SUMMARY
2025-12-19 20:41:27,215 - INFO - ================================================================================
2025-12-19 20:41:27,215 - INFO - URL: https://paywall-worker.dharadarsh0.workers.dev/
2025-12-19 20:41:27,215 - INFO - Title: Create Next App
2025-12-19 20:41:27,215 - INFO - Meta Description: Generated by create next app
2025-12-19 20:41:27,215 - INFO - Timestamp: 2025-12-19T20:41:27.214179
2025-12-19 20:41:27,215 - INFO - 
========================================
2025-12-19 20:41:27,215 - INFO - HEADINGS
2025-12-19 20:41:27,215 - INFO - ========================================
2025-12-19 20:41:27,215 - INFO - H1: 1 found
2025-12-19 20:41:27,215 - INFO -   1. To get started, edit the page.tsx file.
2025-12-19 20:41:27,215 - INFO - 
========================================
2025-12-19 20:41:27,215 - INFO - PARAGRAPHS
2025-12-19 20:41:27,215 - INFO - ========================================
2025-12-19 20:41:27,215 - INFO - Total paragraphs: 1
2025-12-19 20:41:27,215 - INFO -   1. Looking for a starting point or more instructions? Head over to Templates or the Learning center.
2025-12-19 20:41:27,215 - INFO - 
========================================
2025-12-19 20:41:27,215 - INFO - LINKS
2025-12-19 20:41:27,215 - INFO - ========================================
2025-12-19 20:41:27,216 - INFO - Total links: 4
2025-12-19 20:41:27,216 - INFO -   1. Templates -> https://vercel.com/templates?framework=next.js&utm_source=create-next-app&utm_medium=appdir-template-tw&utm_campaign=create-next-app
2025-12-19 20:41:27,216 - INFO -   2. Learning -> https://nextjs.org/learn?utm_source=create-next-app&utm_medium=appdir-template-tw&utm_campaign=create-next-app
2025-12-19 20:41:27,216 - INFO -   3. Deploy Now -> https://vercel.com/new?utm_source=create-next-app&utm_medium=appdir-template-tw&utm_campaign=create-next-app
2025-12-19 20:41:27,216 - INFO -   4. Documentation -> https://nextjs.org/docs?utm_source=create-next-app&utm_medium=appdir-template-tw&utm_campaign=create-next-app
2025-12-19 20:41:27,216 - INFO - 
========================================
2025-12-19 20:41:27,216 - INFO - IMAGES
2025-12-19 20:41:27,216 - INFO - ========================================
2025-12-19 20:41:27,216 - INFO - Total images: 2
2025-12-19 20:41:27,216 - INFO -   1. Alt: 'Next.js logo' Src: /next.svg
2025-12-19 20:41:27,216 - INFO -   2. Alt: 'Vercel logomark' Src: /vercel.svg
2025-12-19 20:41:27,216 - INFO - 
========================================
2025-12-19 20:41:27,216 - INFO - FULL TEXT CONTENT
2025-12-19 20:41:27,216 - INFO - ========================================
2025-12-19 20:41:27,216 - INFO - Total text length: 178 characters
2025-12-19 20:41:27,216 - INFO - First 500 characters:
2025-12-19 20:41:27,216 - INFO - Create Next App
To get started, edit the page.tsx file.
Looking for a starting point or more instructions? Head over to
Templates
or the
Learning
center.
Deploy Now
Documentation
2025-12-19 20:41:27,217 - INFO - 
================================================================================
2025-12-19 20:41:27,217 - INFO - END OF PAGE CONTENT
2025-12-19 20:41:27,217 - INFO - ================================================================================
2025-12-19 20:41:40,933 - INFO - Starting WebScraper application
2025-12-19 20:41:40,933 - INFO - Starting scrape of https://paywall-worker.dharadarsh0.workers.dev/
2025-12-19 20:41:40,934 - INFO - Fetching https://paywall-worker.dharadarsh0.workers.dev/ (attempt 1/3)...
2025-12-19 20:41:41,952 - ERROR - ❌ Error: 403 Client Error: Forbidden for url: https://paywall-worker.dharadarsh0.workers.dev/
2025-12-19 20:41:41,952 - INFO - ⏳ Retrying in 1 seconds...
2025-12-19 20:41:42,957 - INFO - Fetching https://paywall-worker.dharadarsh0.workers.dev/ (attempt 2/3)...
2025-12-19 20:41:43,756 - ERROR - ❌ Error: 403 Client Error: Forbidden for url: https://paywall-worker.dharadarsh0.workers.dev/
2025-12-19 20:41:43,756 - INFO - ⏳ Retrying in 1 seconds...
2025-12-19 20:41:44,761 - INFO - Fetching https://paywall-worker.dharadarsh0.workers.dev/ (attempt 3/3)...
2025-12-19 20:41:45,642 - ERROR - ❌ Error: 403 Client Error: Forbidden for url: https://paywall-worker.dharadarsh0.workers.dev/
2025-12-19 20:41:45,642 - ERROR - Failed to fetch HTML content
2025-12-19 20:41:45,642 - ERROR - Failed to scrape the website.
2025-12-20 08:59:14,245 - INFO - Starting WebScraper application
2025-12-20 08:59:14,245 - INFO - Starting scrape of https://paywall-worker.dharadarsh0.workers.dev/
2025-12-20 08:59:14,245 - INFO - Fetching https://paywall-worker.dharadarsh0.workers.dev/ (attempt 1/3)...
2025-12-20 08:59:15,339 - ERROR - ❌ Error: 403 Client Error: Forbidden for url: https://paywall-worker.dharadarsh0.workers.dev/
2025-12-20 08:59:15,340 - INFO - ⏳ Retrying in 1 seconds...
2025-12-20 08:59:16,341 - INFO - Fetching https://paywall-worker.dharadarsh0.workers.dev/ (attempt 2/3)...
2025-12-20 08:59:17,279 - ERROR - ❌ Error: 403 Client Error: Forbidden for url: https://paywall-worker.dharadarsh0.workers.dev/
2025-12-20 08:59:17,279 - INFO - ⏳ Retrying in 1 seconds...
2025-12-20 08:59:18,284 - INFO - Fetching https://paywall-worker.dharadarsh0.workers.dev/ (attempt 3/3)...
2025-12-20 08:59:19,071 - ERROR - ❌ Error: 403 Client Error: Forbidden for url: https://paywall-worker.dharadarsh0.workers.dev/
2025-12-20 08:59:19,071 - ERROR - Failed to fetch HTML content
2025-12-20 08:59:19,072 - ERROR - Failed to scrape the website.
